Removed Member From Class: ClassName=DIFF Member=DAC_OUT_N
Removed Member From Class: ClassName=DIFF Member=DAC_OUT_P
Removed Member From Class: ClassName=DIFF Member=PA_INL+
Removed Member From Class: ClassName=DIFF Member=PA_INL-
Change Net Name : Old Net Name=NetC33_2 New Net Name=OUT_N
Change Net Name : Old Net Name=NetC34_2 New Net Name=OUT_P
Add Class: Class already exists: Designator
Add Class: Class already exists: Designator
Add Class: Class already exists: Designator
Add Class: Class already exists: Designator
Add Class: Class already exists: Designator
Add Class: Class already exists: Designator
Add Class: Class already exists: Designator
Add Class: Class already exists: Designator
Add Class: Class already exists: Designator
Added Differential Pair: Name=OUT
Added Member To Class: ClassName=SDIO_BUS50 Member=Wire GPIO45
Added Member To Class: ClassName=DIFF Member=Wire OUT_N
Added Member To Class: ClassName=DIFF Member=Wire OUT_P
Remove Class Member: Failed to remove class member
Added Member To Class: ClassName=DIFF Member=OUT
