Added Component: Designator=U2(JC-ESP32P4-M3_V0.2)
Added Pin To Net: NetName=GND Pin=U2-1
Added Pin To Net: NetName=LAN Pin=U2-2
Added Pin To Net: NetName=GND Pin=U2-3
Added Pin To Net: NetName=GPIO1 Pin=U2-4
Added Pin To Net: NetName=GPIO2 Pin=U2-5
Added Pin To Net: NetName=GPIO3 Pin=U2-6
Added Pin To Net: NetName=GND Pin=U2-7
Added Pin To Net: NetName=GPIO4 Pin=U2-8
Added Pin To Net: NetName=GPIO5 Pin=U2-9
Added Pin To Net: NetName=C6_IO2 Pin=U2-10
Added Pin To Net: NetName=ES_I2C_SDA Pin=U2-11
Added Pin To Net: NetName=ES_I2C_SCL Pin=U2-12
Added Pin To Net: NetName=CODEC_I2S0_DSDIN Pin=U2-13
Added Pin To Net: NetName=CODEC_I2S0_LRCK Pin=U2-14
Added Pin To Net: NetName=NetIC4_1 Pin=U2-15
Added Pin To Net: NetName=C6_U0RXD Pin=U2-16
Added Pin To Net: NetName=C6_U0TXD Pin=U2-17
Added Pin To Net: NetName=C6_IO9 Pin=U2-18
Added Pin To Net: NetName=CODEC_I2S0_SCLK Pin=U2-19
Added Pin To Net: NetName=CODEC_I2S0_MCLK Pin=U2-20
Added Pin To Net: NetName=GPIO20 Pin=U2-21
Added Pin To Net: NetName=GPIO21 Pin=U2-22
Added Pin To Net: NetName=GPIO22 Pin=U2-23
Added Pin To Net: NetName=GPIO23 Pin=U2-24
Added Pin To Net: NetName=GND Pin=U2-25
Added Pin To Net: NetName=DSI_A_DATA1_P Pin=U2-26
Added Pin To Net: NetName=DSI_A_DATA1_N Pin=U2-27
Added Pin To Net: NetName=DSI_A_CLK_N Pin=U2-28
Added Pin To Net: NetName=DSI_A_CLK_P Pin=U2-29
Added Pin To Net: NetName=DSI_A_DATA0_P Pin=U2-30
Added Pin To Net: NetName=DSI_A_DATA0_N Pin=U2-31
Added Pin To Net: NetName=GND Pin=U2-32
Added Pin To Net: NetName=CSI_A_DATA0_N Pin=U2-33
Added Pin To Net: NetName=CSI_A_DATA0_P Pin=U2-34
Added Pin To Net: NetName=CSI_A_CLK_P Pin=U2-35
Added Pin To Net: NetName=CSI_A_CLK_N Pin=U2-36
Added Pin To Net: NetName=CSI_A_DATA1_N Pin=U2-37
Added Pin To Net: NetName=CSI_A_DATA1_P Pin=U2-38
Added Pin To Net: NetName=ESP_USB_N Pin=U2-39
Added Pin To Net: NetName=ESP_USB_P Pin=U2-40
Added Pin To Net: NetName=GND Pin=U2-41
Added Pin To Net: NetName=USB1P1_N Pin=U2-42
Added Pin To Net: NetName=USB1P1_P Pin=U2-43
Added Pin To Net: NetName=GND Pin=U2-44
Added Pin To Net: NetName=GPIO26 Pin=U2-45
Added Pin To Net: NetName=GPIO27 Pin=U2-46
Added Pin To Net: NetName=GPIO28 Pin=U2-47
Added Pin To Net: NetName=GPIO29 Pin=U2-48
Added Pin To Net: NetName=GPIO30 Pin=U2-49
Added Pin To Net: NetName=GPIO31 Pin=U2-50
Added Pin To Net: NetName=GPIO32 Pin=U2-51
Added Pin To Net: NetName=GPIO33 Pin=U2-52
Added Pin To Net: NetName=GPIO34 Pin=U2-53
Added Pin To Net: NetName=BOOTMODE Pin=U2-54
Added Pin To Net: NetName=GPIO36 Pin=U2-55
Added Pin To Net: NetName=GPIO37 Pin=U2-56
Added Pin To Net: NetName=GPIO38 Pin=U2-57
Added Pin To Net: NetName=ESP_LDO_VO4 Pin=U2-58
Added Pin To Net: NetName=SD_DATA0 Pin=U2-59
Added Pin To Net: NetName=SD_DATA1 Pin=U2-60
Added Pin To Net: NetName=SD_DATA2 Pin=U2-61
Added Pin To Net: NetName=SD_DATA3 Pin=U2-62
Added Pin To Net: NetName=SD_CLK Pin=U2-63
Added Pin To Net: NetName=SD_CMD Pin=U2-64
Added Pin To Net: NetName=GPIO45 Pin=U2-65
Added Pin To Net: NetName=GPIO46 Pin=U2-66
Added Pin To Net: NetName=GPIO47 Pin=U2-67
Added Pin To Net: NetName=ES7210_SDOUT Pin=U2-68
Added Pin To Net: NetName=GPIO49 Pin=U2-69
Added Pin To Net: NetName=GPIO50 Pin=U2-70
Added Pin To Net: NetName=GPIO51 Pin=U2-71
Added Pin To Net: NetName=GPIO52 Pin=U2-72
Added Pin To Net: NetName=GPIO53 Pin=U2-73
Added Pin To Net: NetName=C6_CHIP_PU Pin=U2-74
Added Pin To Net: NetName=CHIP_PU Pin=U2-75
Added Pin To Net: NetName=GPIO0 Pin=U2-76
Added Pin To Net: NetName=VCC3V3 Pin=U2-77
Added Pin To Net: NetName=VCC3V3 Pin=U2-78
Added Pin To Net: NetName=GND Pin=U2-79
Added Pin To Net: NetName=GND Pin=U2-80
Add Class: Class already exists: Designator
Add Class: Class already exists: Designator
Add Class: Class already exists: Designator
Add Class: Class already exists: Designator
Add Class: Class already exists: Designator
Add Class: Class already exists: Designator
Add Class: Class already exists: Designator
Add Class: Class already exists: Designator
Add Class: Class already exists: Designator
