Removed Pin From Net: NetName=PGND Pin=C20-1
Removed Pin From Net: NetName=PGND Pin=R20-1
Removed Pin From Net: NetName=PGND Pin=R21-1
Removed Pin From Net: NetName=PGND Pin=U1-5
Added Pin To Net: NetName=PGND Pin=C16-1
Added Pin To Net: NetName=PGND Pin=C21-1
Added Pin To Net: NetName=PGND Pin=CAP1-2
Added Pin To Net: NetName=PGND Pin=R21-2
Added Pin To Net: NetName=LAN Pin=U2-2
Added Pin To Net: NetName=ES_I2C_SDA Pin=U2-11
Added Pin To Net: NetName=ES_I2C_SCL Pin=U2-12
Added Pin To Net: NetName=CODEC_I2S0_DSDIN Pin=U2-13
Added Pin To Net: NetName=CODEC_I2S0_LRCK Pin=U2-14
Added Pin To Net: NetName=C6_U0RXD Pin=U2-16
Added Pin To Net: NetName=C6_U0TXD Pin=U2-17
Added Pin To Net: NetName=C6_IO9 Pin=U2-18
Added Pin To Net: NetName=CODEC_I2S0_SCLK Pin=U2-19
Added Pin To Net: NetName=CODEC_I2S0_MCLK Pin=U2-20
Added Pin To Net: NetName=GPIO20 Pin=U2-21
Added Pin To Net: NetName=GPIO28 Pin=U2-47
Added Pin To Net: NetName=GPIO29 Pin=U2-48
Added Pin To Net: NetName=GPIO30 Pin=U2-49
Added Pin To Net: NetName=GPIO31 Pin=U2-50
Added Pin To Net: NetName=GPIO32 Pin=U2-51
Added Pin To Net: NetName=GPIO33 Pin=U2-52
Added Pin To Net: NetName=GPIO34 Pin=U2-53
Added Pin To Net: NetName=GPIO36 Pin=U2-55
Added Pin To Net: NetName=GPIO46 Pin=U2-66
Added Pin To Net: NetName=GPIO47 Pin=U2-67
Added Pin To Net: NetName=ES7210_SDOUT Pin=U2-68
Added Pin To Net: NetName=GPIO49 Pin=U2-69
Added Pin To Net: NetName=GPIO50 Pin=U2-70
Added Pin To Net: NetName=GPIO51 Pin=U2-71
Added Pin To Net: NetName=GPIO52 Pin=U2-72
Added Pin To Net: NetName=GPIO53 Pin=U2-73
Added Pin To Net: NetName=GPIO0 Pin=U2-76
Added Pin To Net: NetName=NetC20_1 Pin=C20-1
Added Pin To Net: NetName=NetC20_1 Pin=R20-1
Added Pin To Net: NetName=NetC20_1 Pin=R21-1
Added Pin To Net: NetName=NetC20_1 Pin=U1-5
Added Net: Name=NetC20_1
Add Class: Class already exists: Designator
Add Class: Class already exists: Designator
Add Class: Class already exists: Designator
Add Class: Class already exists: Designator
Add Class: Class already exists: Designator
Add Class: Class already exists: Designator
Add Class: Class already exists: Designator
Add Class: Class already exists: Designator
Add Class: Class already exists: Designator
