Removed Pin From Net: NetName=PGND Pin=C16-1
Removed Pin From Net: NetName=PGND Pin=C21-1
Removed Pin From Net: NetName=PGND Pin=R21-2
Added Component: Designator=C77(CAP-SMD_L3.5-W2.8-R-RD)
Added Component: Designator=C78(CAP-SMD_L3.5-W2.8-R-RD)
Added Pin To Net: NetName=VCC3V3 Pin=C77-1
Added Pin To Net: NetName=5V Pin=C78-1
Added Pin To Net: NetName=PGND Pin=C78-2
Added Pin To Net: NetName=NetC16_1 Pin=C16-1
Added Pin To Net: NetName=NetC16_1 Pin=C21-1
Added Pin To Net: NetName=NetC16_1 Pin=C77-2
Added Pin To Net: NetName=NetC16_1 Pin=R21-2
Added Net: Name=NetC16_1
Add Class: Class already exists: Designator
Add Class: Class already exists: Designator
Add Class: Class already exists: Designator
Add Class: Class already exists: Designator
Add Class: Class already exists: Designator
Add Class: Class already exists: Designator
Add Class: Class already exists: Designator
Add Class: Class already exists: Designator
Add Class: Class already exists: Designator
Added Member To Class: ClassName=Designator Member=Component C77 100uF
Added Member To Class: ClassName=Designator Member=Component C78 100uF
