Removed Pin From Net: NetName=AGND Pin=C2-2
Removed Pin From Net: NetName=AGND Pin=C3-1
Removed Pin From Net: NetName=AGND Pin=C11-1
Removed Pin From Net: NetName=AGND Pin=C12-1
Removed Pin From Net: NetName=AGND Pin=C76-1
Removed Pin From Net: NetName=AGND Pin=D5-2
Removed Pin From Net: NetName=AGND Pin=IC2-2
Removed Pin From Net: NetName=AGND Pin=JDC1-2
Removed Pin From Net: NetName=AGND Pin=JDC1-3
Removed Pin From Net: NetName=AGND Pin=R8-2
Added Pin To Net: NetName=PGND Pin=C2-2
Added Pin To Net: NetName=PGND Pin=C3-1
Added Pin To Net: NetName=PGND Pin=C11-1
Added Pin To Net: NetName=PGND Pin=C12-1
Added Pin To Net: NetName=PGND Pin=C76-1
Added Pin To Net: NetName=PGND Pin=D5-2
Added Pin To Net: NetName=PGND Pin=IC2-2
Added Pin To Net: NetName=PGND Pin=JDC1-2
Added Pin To Net: NetName=PGND Pin=JDC1-3
Added Pin To Net: NetName=PGND Pin=R8-2
Add Class: Class already exists: Designator
Add Class: Class already exists: Designator
Add Class: Class already exists: Designator
Add Class: Class already exists: Designator
Add Class: Class already exists: Designator
Add Class: Class already exists: Designator
Add Class: Class already exists: Designator
Add Class: Class already exists: Designator
Add Class: Class already exists: Designator
