Removed Member From Class: ClassName=Designator Member=1
Removed Member From Class: ClassName=Designator Member=ANT1
Removed Member From Class: ClassName=Designator Member=BT1
Removed Member From Class: ClassName=Designator Member=C1
Removed Member From Class: ClassName=Designator Member=C3
Removed Member From Class: ClassName=Designator Member=C4
Removed Member From Class: ClassName=Designator Member=C5
Removed Member From Class: ClassName=Designator Member=C7
Removed Member From Class: ClassName=Designator Member=C8
Removed Member From Class: ClassName=Designator Member=C9
Removed Member From Class: ClassName=Designator Member=C10
Removed Member From Class: ClassName=Designator Member=C11
Removed Member From Class: ClassName=Designator Member=C12
Removed Member From Class: ClassName=Designator Member=C13
Removed Member From Class: ClassName=Designator Member=C14
Removed Member From Class: ClassName=Designator Member=C15
Removed Member From Class: ClassName=Designator Member=C16
Removed Member From Class: ClassName=Designator Member=C17
Removed Member From Class: ClassName=Designator Member=C18
Removed Member From Class: ClassName=Designator Member=C19
Removed Member From Class: ClassName=Designator Member=C20
Removed Member From Class: ClassName=Designator Member=C21
Removed Member From Class: ClassName=Designator Member=C22
Removed Member From Class: ClassName=Designator Member=C23
Removed Member From Class: ClassName=Designator Member=C24
Removed Member From Class: ClassName=Designator Member=C25
Removed Member From Class: ClassName=Designator Member=C26
Removed Member From Class: ClassName=Designator Member=C27
Removed Member From Class: ClassName=Designator Member=C28
Removed Member From Class: ClassName=Designator Member=C29
Removed Member From Class: ClassName=Designator Member=C30
Removed Member From Class: ClassName=Designator Member=C31
Removed Member From Class: ClassName=Designator Member=C32
Removed Member From Class: ClassName=Designator Member=C33
Removed Member From Class: ClassName=Designator Member=C34
Removed Member From Class: ClassName=Designator Member=C35
Removed Member From Class: ClassName=Designator Member=C36
Removed Member From Class: ClassName=Designator Member=C37
Removed Member From Class: ClassName=Designator Member=C38
Removed Member From Class: ClassName=Designator Member=C39
Removed Member From Class: ClassName=Designator Member=C40
Removed Member From Class: ClassName=Designator Member=C41
Removed Member From Class: ClassName=Designator Member=C42
Removed Member From Class: ClassName=Designator Member=C52
Removed Member From Class: ClassName=Designator Member=C53
Removed Member From Class: ClassName=Designator Member=C54
Removed Member From Class: ClassName=Designator Member=C55
Removed Member From Class: ClassName=Designator Member=C56
Removed Member From Class: ClassName=Designator Member=C57
Removed Member From Class: ClassName=Designator Member=C58
Removed Member From Class: ClassName=Designator Member=C59
Removed Member From Class: ClassName=Designator Member=C60
Removed Member From Class: ClassName=Designator Member=C61
Removed Member From Class: ClassName=Designator Member=C62
Removed Member From Class: ClassName=Designator Member=C63
Removed Member From Class: ClassName=Designator Member=C64
Removed Member From Class: ClassName=Designator Member=C65
Removed Member From Class: ClassName=Designator Member=C66
Removed Member From Class: ClassName=Designator Member=C67
Removed Member From Class: ClassName=Designator Member=C68
Removed Member From Class: ClassName=Designator Member=C69
Removed Member From Class: ClassName=Designator Member=C70
Removed Member From Class: ClassName=Designator Member=C71
Removed Member From Class: ClassName=Designator Member=C72
Removed Member From Class: ClassName=Designator Member=C73
Removed Member From Class: ClassName=Designator Member=C74
Removed Member From Class: ClassName=Designator Member=C75
Removed Member From Class: ClassName=Designator Member=Camera CSI interface1
Removed Member From Class: ClassName=Designator Member=CAP1
Removed Member From Class: ClassName=Designator Member=CAP2
Removed Member From Class: ClassName=Designator Member=CAP3
Removed Member From Class: ClassName=Designator Member=CN1
Removed Member From Class: ClassName=Designator Member=CN2
Removed Member From Class: ClassName=Designator Member=CN3
Removed Member From Class: ClassName=Designator Member=CONN1
Removed Member From Class: ClassName=Designator Member=CONN2
Removed Member From Class: ClassName=Designator Member=CONN3
Removed Member From Class: ClassName=Designator Member=CONN4
Removed Member From Class: ClassName=Designator Member=CONN5
Removed Member From Class: ClassName=Designator Member=CONN6
Removed Member From Class: ClassName=Designator Member=CONN7
Removed Member From Class: ClassName=Designator Member=D2
Removed Member From Class: ClassName=Designator Member=D3
Removed Member From Class: ClassName=Designator Member=D4
Removed Member From Class: ClassName=Designator Member=D5
Removed Member From Class: ClassName=Designator Member=D6
Removed Member From Class: ClassName=Designator Member=D7
Removed Member From Class: ClassName=Designator Member=D16
Removed Member From Class: ClassName=Designator Member=D17
Removed Member From Class: ClassName=Designator Member=D18
Removed Member From Class: ClassName=Designator Member=D19
Removed Member From Class: ClassName=Designator Member=D20
Removed Member From Class: ClassName=Designator Member=D21
Removed Member From Class: ClassName=Designator Member=Display DSI interface1
Removed Member From Class: ClassName=Designator Member=F6
Removed Member From Class: ClassName=Designator Member=H1
Removed Member From Class: ClassName=Designator Member=IC1
Removed Member From Class: ClassName=Designator Member=IC2
Removed Member From Class: ClassName=Designator Member=IC3
Removed Member From Class: ClassName=Designator Member=IC4
Removed Member From Class: ClassName=Designator Member=IC8
Removed Member From Class: ClassName=Designator Member=IC9
Removed Member From Class: ClassName=Designator Member=IC10
Removed Member From Class: ClassName=Designator Member=IC11
Removed Member From Class: ClassName=Designator Member=IC12
Removed Member From Class: ClassName=Designator Member=IC13
Removed Member From Class: ClassName=Designator Member=IC14
Removed Member From Class: ClassName=Designator Member=IC15
Removed Member From Class: ClassName=Designator Member=JP2
Removed Member From Class: ClassName=Designator Member=L2
Removed Member From Class: ClassName=Designator Member=L4
Removed Member From Class: ClassName=Designator Member=L5
Removed Member From Class: ClassName=Designator Member=LED1
Removed Member From Class: ClassName=Designator Member=LED2
Removed Member From Class: ClassName=Designator Member=LED3
Removed Member From Class: ClassName=Designator Member=LED4
Removed Member From Class: ClassName=Designator Member=LED5
Removed Member From Class: ClassName=Designator Member=LED6
Removed Member From Class: ClassName=Designator Member=LED7
Removed Member From Class: ClassName=Designator Member=LED8
Removed Member From Class: ClassName=Designator Member=LED9
Removed Member From Class: ClassName=Designator Member=LED10
Removed Member From Class: ClassName=Designator Member=MIC1
Removed Member From Class: ClassName=Designator Member=Q1
Removed Member From Class: ClassName=Designator Member=Q2
Removed Member From Class: ClassName=Designator Member=Q3
Removed Member From Class: ClassName=Designator Member=Q4
Removed Member From Class: ClassName=Designator Member=Q15
Removed Member From Class: ClassName=Designator Member=Q16
Removed Member From Class: ClassName=Designator Member=Q17
Removed Member From Class: ClassName=Designator Member=Q18
Removed Member From Class: ClassName=Designator Member=Q19
Removed Member From Class: ClassName=Designator Member=R1
Removed Member From Class: ClassName=Designator Member=R2
Removed Member From Class: ClassName=Designator Member=R3
Removed Member From Class: ClassName=Designator Member=R4
Removed Member From Class: ClassName=Designator Member=R5
Removed Member From Class: ClassName=Designator Member=R6
Removed Member From Class: ClassName=Designator Member=R7
Removed Member From Class: ClassName=Designator Member=R8
Removed Member From Class: ClassName=Designator Member=R9
Removed Member From Class: ClassName=Designator Member=R10
Removed Member From Class: ClassName=Designator Member=R11
Removed Member From Class: ClassName=Designator Member=R12
Removed Member From Class: ClassName=Designator Member=R13
Removed Member From Class: ClassName=Designator Member=R14
Removed Member From Class: ClassName=Designator Member=R15
Removed Member From Class: ClassName=Designator Member=R16
Removed Member From Class: ClassName=Designator Member=R17
Removed Member From Class: ClassName=Designator Member=R18
Removed Member From Class: ClassName=Designator Member=R19
Removed Member From Class: ClassName=Designator Member=R20
Removed Member From Class: ClassName=Designator Member=R21
Removed Member From Class: ClassName=Designator Member=R22
Removed Member From Class: ClassName=Designator Member=R23
Removed Member From Class: ClassName=Designator Member=R24
Removed Member From Class: ClassName=Designator Member=R25
Removed Member From Class: ClassName=Designator Member=R26
Removed Member From Class: ClassName=Designator Member=R27
Removed Member From Class: ClassName=Designator Member=R28
Removed Member From Class: ClassName=Designator Member=R29
Removed Member From Class: ClassName=Designator Member=R30
Removed Member From Class: ClassName=Designator Member=R31
Removed Member From Class: ClassName=Designator Member=R32
Removed Member From Class: ClassName=Designator Member=R33
Removed Member From Class: ClassName=Designator Member=R34
Removed Member From Class: ClassName=Designator Member=R35
Removed Member From Class: ClassName=Designator Member=R36
Removed Member From Class: ClassName=Designator Member=R37
Removed Member From Class: ClassName=Designator Member=R38
Removed Member From Class: ClassName=Designator Member=R39
Removed Member From Class: ClassName=Designator Member=R40
Removed Member From Class: ClassName=Designator Member=R41
Removed Member From Class: ClassName=Designator Member=R42
Removed Member From Class: ClassName=Designator Member=R43
Removed Member From Class: ClassName=Designator Member=R67
Removed Member From Class: ClassName=Designator Member=R68
Removed Member From Class: ClassName=Designator Member=R69
Removed Member From Class: ClassName=Designator Member=R70
Removed Member From Class: ClassName=Designator Member=R71
Removed Member From Class: ClassName=Designator Member=R72
Removed Member From Class: ClassName=Designator Member=R73
Removed Member From Class: ClassName=Designator Member=R74
Removed Member From Class: ClassName=Designator Member=R75
Removed Member From Class: ClassName=Designator Member=R76
Removed Member From Class: ClassName=Designator Member=R77
Removed Member From Class: ClassName=Designator Member=R78
Removed Member From Class: ClassName=Designator Member=R79
Removed Member From Class: ClassName=Designator Member=R80
Removed Member From Class: ClassName=Designator Member=R81
Removed Member From Class: ClassName=Designator Member=R82
Removed Member From Class: ClassName=Designator Member=R83
Removed Member From Class: ClassName=Designator Member=R84
Removed Member From Class: ClassName=Designator Member=R85
Removed Member From Class: ClassName=Designator Member=R86
Removed Member From Class: ClassName=Designator Member=R87
Removed Member From Class: ClassName=Designator Member=R88
Removed Member From Class: ClassName=Designator Member=R89
Removed Member From Class: ClassName=Designator Member=R90
Removed Member From Class: ClassName=Designator Member=R91
Removed Member From Class: ClassName=Designator Member=R92
Removed Member From Class: ClassName=Designator Member=R93
Removed Member From Class: ClassName=Designator Member=R94
Removed Member From Class: ClassName=Designator Member=R95
Removed Member From Class: ClassName=Designator Member=R96
Removed Member From Class: ClassName=Designator Member=R97
Removed Member From Class: ClassName=Designator Member=R98
Removed Member From Class: ClassName=Designator Member=R99
Removed Member From Class: ClassName=Designator Member=R100
Removed Member From Class: ClassName=Designator Member=R101
Removed Member From Class: ClassName=Designator Member=R102
Removed Member From Class: ClassName=Designator Member=R103
Removed Member From Class: ClassName=Designator Member=R104
Removed Member From Class: ClassName=Designator Member=R105
Removed Member From Class: ClassName=Designator Member=R106
Removed Member From Class: ClassName=Designator Member=R107
Removed Member From Class: ClassName=Designator Member=R108
Removed Member From Class: ClassName=Designator Member=R109
Removed Member From Class: ClassName=Designator Member=R110
Removed Member From Class: ClassName=Designator Member=R111
Removed Member From Class: ClassName=Designator Member=R112
Removed Member From Class: ClassName=Designator Member=R?
Removed Member From Class: ClassName=Designator Member=RJ1
Removed Member From Class: ClassName=Designator Member=RL1
Removed Member From Class: ClassName=Designator Member=RL2
Removed Member From Class: ClassName=Designator Member=RL3
Removed Member From Class: ClassName=Designator Member=RL4
Removed Member From Class: ClassName=Designator Member=RL5
Removed Member From Class: ClassName=Designator Member=SW1
Removed Member From Class: ClassName=Designator Member=SW2
Removed Member From Class: ClassName=Designator Member=TF1
Removed Member From Class: ClassName=Designator Member=U1
Added Component: Designator=C2(CAP-SMD_L7.3-W4.3-R-RD)
Added Component: Designator=C6(CAP-SMD_L7.3-W4.3-R-RD)
Added Component: Designator=D1(SMA_L4.4-W2.6-LS5.0-RD)
Added Component: Designator=F1(IND-SMD_L8.5-W3.1)
Added Component: Designator=F2(IND-SMD_L8.5-W3.1)
Added Component: Designator=F3(IND-SMD_L8.5-W3.1)
Added Component: Designator=HD1(HED4)
Add component (AddParameter): Name = "Value"; Value = "Header 4"; VariantName = "[No Variations]"
Added Component: Designator=JDC1(DC-IN)
Add component (AddParameter): Name = "Value"; Value = "Jac DC"; VariantName = "[No Variations]"
Added Component: Designator=JP1(CON4)
Add component (AddParameter): Name = "Value"; Value = "Connector 4"; VariantName = "[No Variations]"
Added Component: Designator=L1(IND-SMD_L10.1-W10.0)
Added Component: Designator=L3(IND-SMD_L5.4-W5.2)
Added Component: Designator=MQ-1(HED3)
Add component (AddParameter): Name = "Value"; Value = "Header 3"; VariantName = "[No Variations]"
Added Component: Designator=U2(JC-ESP32P4-M3_V0.2)
Added Pin To Net: NetName=18VA Pin=C2-1
Added Pin To Net: NetName=18VA Pin=C2-2
Added Pin To Net: NetName=5V Pin=C6-1
Added Pin To Net: NetName=PGND Pin=C6-2
Added Pin To Net: NetName=NetC1_2 Pin=D1-1
Added Pin To Net: NetName=PGND Pin=D1-2
Added Pin To Net: NetName=5V Pin=F1-1
Added Pin To Net: NetName=NetC8_1 Pin=F1-2
Added Pin To Net: NetName=PGND Pin=F2-1
Added Pin To Net: NetName=GND Pin=F2-2
Added Pin To Net: NetName=NetD4_1 Pin=F3-1
Added Pin To Net: NetName=VCC_IN Pin=F3-2
Added Pin To Net: NetName=5V Pin=HD1-1
Added Pin To Net: NetName=Ao Pin=HD1-2
Added Pin To Net: NetName=Bo Pin=HD1-3
Added Pin To Net: NetName=GND Pin=HD1-4
Added Pin To Net: NetName=NetD2_2 Pin=JDC1-1
Added Pin To Net: NetName=18VA Pin=JDC1-2
Added Pin To Net: NetName=18VA Pin=JDC1-3
Added Pin To Net: NetName=5V Pin=JP1-1
Added Pin To Net: NetName=GPIO26 Pin=JP1-2
Added Pin To Net: NetName=GPIO27 Pin=JP1-3
Added Pin To Net: NetName=GND Pin=JP1-4
Added Pin To Net: NetName=NetC1_2 Pin=L1-1
Added Pin To Net: NetName=NetC4_2 Pin=L1-2
Added Pin To Net: NetName=NetL3_1 Pin=L3-1
Added Pin To Net: NetName=IN Pin=L3-2
Added Pin To Net: NetName=18VA Pin=MQ-1-1
Added Pin To Net: NetName=GPIO21 Pin=MQ-1-2
Added Pin To Net: NetName=NetC8_1 Pin=MQ-1-3
Added Pin To Net: NetName=GND Pin=U2-1
Added Pin To Net: NetName=LAN Pin=U2-2
Added Pin To Net: NetName=GND Pin=U2-3
Added Pin To Net: NetName=GPIO1 Pin=U2-4
Added Pin To Net: NetName=GPIO2 Pin=U2-5
Added Pin To Net: NetName=GPIO3 Pin=U2-6
Added Pin To Net: NetName=GND Pin=U2-7
Added Pin To Net: NetName=GPIO4 Pin=U2-8
Added Pin To Net: NetName=GPIO5 Pin=U2-9
Added Pin To Net: NetName=C6_IO2 Pin=U2-10
Added Pin To Net: NetName=ES_I2C_SDA Pin=U2-11
Added Pin To Net: NetName=ES_I2C_SCL Pin=U2-12
Added Pin To Net: NetName=CODEC_I2S0_DSDIN Pin=U2-13
Added Pin To Net: NetName=CODEC_I2S0_LRCK Pin=U2-14
Added Pin To Net: NetName=NetIC4_1 Pin=U2-15
Added Pin To Net: NetName=C6_U0RXD Pin=U2-16
Added Pin To Net: NetName=C6_U0TXD Pin=U2-17
Added Pin To Net: NetName=C6_IO9 Pin=U2-18
Added Pin To Net: NetName=CODEC_I2S0_SCLK Pin=U2-19
Added Pin To Net: NetName=CODEC_I2S0_MCLK Pin=U2-20
Added Pin To Net: NetName=GPIO20 Pin=U2-21
Added Pin To Net: NetName=GPIO21 Pin=U2-22
Added Pin To Net: NetName=GPIO22 Pin=U2-23
Added Pin To Net: NetName=GPIO23 Pin=U2-24
Added Pin To Net: NetName=GND Pin=U2-25
Added Pin To Net: NetName=DSI_A_DATA1_P Pin=U2-26
Added Pin To Net: NetName=DSI_A_DATA1_N Pin=U2-27
Added Pin To Net: NetName=DSI_A_CLK_N Pin=U2-28
Added Pin To Net: NetName=DSI_A_CLK_P Pin=U2-29
Added Pin To Net: NetName=DSI_A_DATA0_P Pin=U2-30
Added Pin To Net: NetName=DSI_A_DATA0_N Pin=U2-31
Added Pin To Net: NetName=GND Pin=U2-32
Added Pin To Net: NetName=CSI_A_DATA0_N Pin=U2-33
Added Pin To Net: NetName=CSI_A_DATA0_P Pin=U2-34
Added Pin To Net: NetName=CSI_A_CLK_P Pin=U2-35
Added Pin To Net: NetName=CSI_A_CLK_N Pin=U2-36
Added Pin To Net: NetName=CSI_A_DATA1_N Pin=U2-37
Added Pin To Net: NetName=CSI_A_DATA1_P Pin=U2-38
Added Pin To Net: NetName=ESP_USB_N Pin=U2-39
Added Pin To Net: NetName=ESP_USB_P Pin=U2-40
Added Pin To Net: NetName=GND Pin=U2-41
Added Pin To Net: NetName=USB1P1_N Pin=U2-42
Added Pin To Net: NetName=USB1P1_P Pin=U2-43
Added Pin To Net: NetName=GND Pin=U2-44
Added Pin To Net: NetName=GPIO26 Pin=U2-45
Added Pin To Net: NetName=GPIO27 Pin=U2-46
Added Pin To Net: NetName=GPIO28 Pin=U2-47
Added Pin To Net: NetName=GPIO29 Pin=U2-48
Added Pin To Net: NetName=GPIO30 Pin=U2-49
Added Pin To Net: NetName=GPIO31 Pin=U2-50
Added Pin To Net: NetName=GPIO32 Pin=U2-51
Added Pin To Net: NetName=GPIO33 Pin=U2-52
Added Pin To Net: NetName=GPIO34 Pin=U2-53
Added Pin To Net: NetName=BOOTMODE Pin=U2-54
Added Pin To Net: NetName=GPIO36 Pin=U2-55
Added Pin To Net: NetName=GPIO37 Pin=U2-56
Added Pin To Net: NetName=GPIO38 Pin=U2-57
Added Pin To Net: NetName=ESP_LDO_VO4 Pin=U2-58
Added Pin To Net: NetName=SD_DATA0 Pin=U2-59
Added Pin To Net: NetName=SD_DATA1 Pin=U2-60
Added Pin To Net: NetName=SD_DATA2 Pin=U2-61
Added Pin To Net: NetName=SD_DATA3 Pin=U2-62
Added Pin To Net: NetName=SD_CLK Pin=U2-63
Added Pin To Net: NetName=SD_CMD Pin=U2-64
Added Pin To Net: NetName=GPIO45 Pin=U2-65
Added Pin To Net: NetName=GPIO46 Pin=U2-66
Added Pin To Net: NetName=GPIO47 Pin=U2-67
Added Pin To Net: NetName=ES7210_SDOUT Pin=U2-68
Added Pin To Net: NetName=GPIO49 Pin=U2-69
Added Pin To Net: NetName=GPIO50 Pin=U2-70
Added Pin To Net: NetName=GPIO51 Pin=U2-71
Added Pin To Net: NetName=GPIO52 Pin=U2-72
Added Pin To Net: NetName=GPIO53 Pin=U2-73
Added Pin To Net: NetName=C6_CHIP_PU Pin=U2-74
Added Pin To Net: NetName=CHIP_PU Pin=U2-75
Added Pin To Net: NetName=GPIO0 Pin=U2-76
Added Pin To Net: NetName=IN Pin=U2-77
Added Pin To Net: NetName=IN Pin=U2-78
Added Pin To Net: NetName=GND Pin=U2-79
Added Pin To Net: NetName=GND Pin=U2-80
Add Class: Class already exists: Designator
Add Class: Class already exists: Designator
Add Class: Class already exists: Designator
Add Class: Class already exists: Designator
Add Class: Class already exists: Designator
Add Class: Class already exists: Designator
Add Class: Class already exists: Designator
Add Class: Class already exists: Designator
Add Class: Class already exists: Designator
Added Member To Class: ClassName=Designator Member=Component HD1 Header 4
Added Member To Class: ClassName=Designator Member=Component JP1 JP4
