Removed Pin From Net: NetName=18VA Pin=C2-1
Removed Pin From Net: NetName=18VA Pin=C3-2
Removed Pin From Net: NetName=18VA Pin=C13-2
Removed Pin From Net: NetName=18VA Pin=D2-1
Removed Pin From Net: NetName=18VA Pin=D4-2
Removed Pin From Net: NetName=18VA Pin=IC2-15
Removed Pin From Net: NetName=18VA Pin=Q1-2
Removed Pin From Net: NetName=18VA Pin=Q2-1
Removed Pin From Net: NetName=18VA Pin=R8-1
Removed Pin From Net: NetName=18VA Pin=R9-2
Removed Pin From Net: NetName=18VA Pin=R10-2
Removed Pin From Net: NetName=18VA Pin=R13-2
Removed Member From Class: ClassName=Designator Member=1
Removed Member From Class: ClassName=Designator Member=ANT1
Removed Member From Class: ClassName=Designator Member=BT1
Removed Member From Class: ClassName=Designator Member=C24
Removed Member From Class: ClassName=Designator Member=C25
Removed Member From Class: ClassName=Designator Member=C26
Removed Member From Class: ClassName=Designator Member=C27
Removed Member From Class: ClassName=Designator Member=C28
Removed Member From Class: ClassName=Designator Member=C29
Removed Member From Class: ClassName=Designator Member=C30
Removed Member From Class: ClassName=Designator Member=C31
Removed Member From Class: ClassName=Designator Member=C32
Removed Member From Class: ClassName=Designator Member=C33
Removed Member From Class: ClassName=Designator Member=C34
Removed Member From Class: ClassName=Designator Member=C35
Removed Member From Class: ClassName=Designator Member=C36
Removed Member From Class: ClassName=Designator Member=C37
Removed Member From Class: ClassName=Designator Member=C38
Removed Member From Class: ClassName=Designator Member=C39
Removed Member From Class: ClassName=Designator Member=C40
Removed Member From Class: ClassName=Designator Member=C41
Removed Member From Class: ClassName=Designator Member=C42
Removed Member From Class: ClassName=Designator Member=C43
Removed Member From Class: ClassName=Designator Member=C44
Removed Member From Class: ClassName=Designator Member=C45
Removed Member From Class: ClassName=Designator Member=C46
Removed Member From Class: ClassName=Designator Member=C47
Removed Member From Class: ClassName=Designator Member=C48
Removed Member From Class: ClassName=Designator Member=C49
Removed Member From Class: ClassName=Designator Member=C50
Removed Member From Class: ClassName=Designator Member=C51
Removed Member From Class: ClassName=Designator Member=C52
Removed Member From Class: ClassName=Designator Member=C53
Removed Member From Class: ClassName=Designator Member=C54
Removed Member From Class: ClassName=Designator Member=C55
Removed Member From Class: ClassName=Designator Member=C56
Removed Member From Class: ClassName=Designator Member=C57
Removed Member From Class: ClassName=Designator Member=C58
Removed Member From Class: ClassName=Designator Member=C59
Removed Member From Class: ClassName=Designator Member=C60
Removed Member From Class: ClassName=Designator Member=C61
Removed Member From Class: ClassName=Designator Member=C62
Removed Member From Class: ClassName=Designator Member=C63
Removed Member From Class: ClassName=Designator Member=C64
Removed Member From Class: ClassName=Designator Member=C65
Removed Member From Class: ClassName=Designator Member=C66
Removed Member From Class: ClassName=Designator Member=C67
Removed Member From Class: ClassName=Designator Member=C68
Removed Member From Class: ClassName=Designator Member=C69
Removed Member From Class: ClassName=Designator Member=C70
Removed Member From Class: ClassName=Designator Member=C71
Removed Member From Class: ClassName=Designator Member=C72
Removed Member From Class: ClassName=Designator Member=C73
Removed Member From Class: ClassName=Designator Member=C74
Removed Member From Class: ClassName=Designator Member=C75
Removed Member From Class: ClassName=Designator Member=Camera CSI interface1
Removed Member From Class: ClassName=Designator Member=CAP3
Removed Member From Class: ClassName=Designator Member=CN1
Removed Member From Class: ClassName=Designator Member=CN2
Removed Member From Class: ClassName=Designator Member=CN3
Removed Member From Class: ClassName=Designator Member=CONN2
Removed Member From Class: ClassName=Designator Member=CONN3
Removed Member From Class: ClassName=Designator Member=CONN4
Removed Member From Class: ClassName=Designator Member=CONN5
Removed Member From Class: ClassName=Designator Member=CONN6
Removed Member From Class: ClassName=Designator Member=CONN7
Removed Member From Class: ClassName=Designator Member=D6
Removed Member From Class: ClassName=Designator Member=D7
Removed Member From Class: ClassName=Designator Member=D8
Removed Member From Class: ClassName=Designator Member=D9
Removed Member From Class: ClassName=Designator Member=D10
Removed Member From Class: ClassName=Designator Member=D11
Removed Member From Class: ClassName=Designator Member=D12
Removed Member From Class: ClassName=Designator Member=D13
Removed Member From Class: ClassName=Designator Member=D14
Removed Member From Class: ClassName=Designator Member=D15
Removed Member From Class: ClassName=Designator Member=D16
Removed Member From Class: ClassName=Designator Member=D17
Removed Member From Class: ClassName=Designator Member=D18
Removed Member From Class: ClassName=Designator Member=D19
Removed Member From Class: ClassName=Designator Member=D20
Removed Member From Class: ClassName=Designator Member=D21
Removed Member From Class: ClassName=Designator Member=Display DSI interface1
Removed Member From Class: ClassName=Designator Member=F4
Removed Member From Class: ClassName=Designator Member=F5
Removed Member From Class: ClassName=Designator Member=F6
Removed Member From Class: ClassName=Designator Member=H1
Removed Member From Class: ClassName=Designator Member=HD1
Removed Member From Class: ClassName=Designator Member=IC3
Removed Member From Class: ClassName=Designator Member=IC4
Removed Member From Class: ClassName=Designator Member=IC5
Removed Member From Class: ClassName=Designator Member=IC6
Removed Member From Class: ClassName=Designator Member=IC7
Removed Member From Class: ClassName=Designator Member=IC8
Removed Member From Class: ClassName=Designator Member=IC9
Removed Member From Class: ClassName=Designator Member=IC10
Removed Member From Class: ClassName=Designator Member=IC11
Removed Member From Class: ClassName=Designator Member=IC12
Removed Member From Class: ClassName=Designator Member=IC13
Removed Member From Class: ClassName=Designator Member=IC14
Removed Member From Class: ClassName=Designator Member=IC15
Removed Member From Class: ClassName=Designator Member=JP1
Removed Member From Class: ClassName=Designator Member=JP2
Removed Member From Class: ClassName=Designator Member=L4
Removed Member From Class: ClassName=Designator Member=L5
Removed Member From Class: ClassName=Designator Member=LED5
Removed Member From Class: ClassName=Designator Member=LED6
Removed Member From Class: ClassName=Designator Member=LED7
Removed Member From Class: ClassName=Designator Member=LED8
Removed Member From Class: ClassName=Designator Member=LED9
Removed Member From Class: ClassName=Designator Member=LED10
Removed Member From Class: ClassName=Designator Member=MIC1
Removed Member From Class: ClassName=Designator Member=MQ-1
Removed Member From Class: ClassName=Designator Member=Q3
Removed Member From Class: ClassName=Designator Member=Q4
Removed Member From Class: ClassName=Designator Member=Q5
Removed Member From Class: ClassName=Designator Member=Q6
Removed Member From Class: ClassName=Designator Member=Q7
Removed Member From Class: ClassName=Designator Member=Q8
Removed Member From Class: ClassName=Designator Member=Q9
Removed Member From Class: ClassName=Designator Member=Q10
Removed Member From Class: ClassName=Designator Member=Q11
Removed Member From Class: ClassName=Designator Member=Q12
Removed Member From Class: ClassName=Designator Member=Q13
Removed Member From Class: ClassName=Designator Member=Q14
Removed Member From Class: ClassName=Designator Member=Q15
Removed Member From Class: ClassName=Designator Member=Q16
Removed Member From Class: ClassName=Designator Member=Q17
Removed Member From Class: ClassName=Designator Member=Q18
Removed Member From Class: ClassName=Designator Member=Q19
Removed Member From Class: ClassName=Designator Member=R21
Removed Member From Class: ClassName=Designator Member=R22
Removed Member From Class: ClassName=Designator Member=R23
Removed Member From Class: ClassName=Designator Member=R24
Removed Member From Class: ClassName=Designator Member=R25
Removed Member From Class: ClassName=Designator Member=R26
Removed Member From Class: ClassName=Designator Member=R27
Removed Member From Class: ClassName=Designator Member=R28
Removed Member From Class: ClassName=Designator Member=R29
Removed Member From Class: ClassName=Designator Member=R30
Removed Member From Class: ClassName=Designator Member=R31
Removed Member From Class: ClassName=Designator Member=R32
Removed Member From Class: ClassName=Designator Member=R33
Removed Member From Class: ClassName=Designator Member=R34
Removed Member From Class: ClassName=Designator Member=R35
Removed Member From Class: ClassName=Designator Member=R36
Removed Member From Class: ClassName=Designator Member=R37
Removed Member From Class: ClassName=Designator Member=R38
Removed Member From Class: ClassName=Designator Member=R39
Removed Member From Class: ClassName=Designator Member=R40
Removed Member From Class: ClassName=Designator Member=R41
Removed Member From Class: ClassName=Designator Member=R42
Removed Member From Class: ClassName=Designator Member=R43
Removed Member From Class: ClassName=Designator Member=R44
Removed Member From Class: ClassName=Designator Member=R45
Removed Member From Class: ClassName=Designator Member=R46
Removed Member From Class: ClassName=Designator Member=R47
Removed Member From Class: ClassName=Designator Member=R48
Removed Member From Class: ClassName=Designator Member=R49
Removed Member From Class: ClassName=Designator Member=R50
Removed Member From Class: ClassName=Designator Member=R51
Removed Member From Class: ClassName=Designator Member=R52
Removed Member From Class: ClassName=Designator Member=R53
Removed Member From Class: ClassName=Designator Member=R54
Removed Member From Class: ClassName=Designator Member=R55
Removed Member From Class: ClassName=Designator Member=R56
Removed Member From Class: ClassName=Designator Member=R57
Removed Member From Class: ClassName=Designator Member=R58
Removed Member From Class: ClassName=Designator Member=R59
Removed Member From Class: ClassName=Designator Member=R60
Removed Member From Class: ClassName=Designator Member=R61
Removed Member From Class: ClassName=Designator Member=R62
Removed Member From Class: ClassName=Designator Member=R63
Removed Member From Class: ClassName=Designator Member=R64
Removed Member From Class: ClassName=Designator Member=R65
Removed Member From Class: ClassName=Designator Member=R66
Removed Member From Class: ClassName=Designator Member=R67
Removed Member From Class: ClassName=Designator Member=R68
Removed Member From Class: ClassName=Designator Member=R69
Removed Member From Class: ClassName=Designator Member=R70
Removed Member From Class: ClassName=Designator Member=R71
Removed Member From Class: ClassName=Designator Member=R72
Removed Member From Class: ClassName=Designator Member=R73
Removed Member From Class: ClassName=Designator Member=R74
Removed Member From Class: ClassName=Designator Member=R75
Removed Member From Class: ClassName=Designator Member=R76
Removed Member From Class: ClassName=Designator Member=R77
Removed Member From Class: ClassName=Designator Member=R78
Removed Member From Class: ClassName=Designator Member=R79
Removed Member From Class: ClassName=Designator Member=R80
Removed Member From Class: ClassName=Designator Member=R81
Removed Member From Class: ClassName=Designator Member=R82
Removed Member From Class: ClassName=Designator Member=R83
Removed Member From Class: ClassName=Designator Member=R84
Removed Member From Class: ClassName=Designator Member=R85
Removed Member From Class: ClassName=Designator Member=R86
Removed Member From Class: ClassName=Designator Member=R87
Removed Member From Class: ClassName=Designator Member=R88
Removed Member From Class: ClassName=Designator Member=R89
Removed Member From Class: ClassName=Designator Member=R90
Removed Member From Class: ClassName=Designator Member=R91
Removed Member From Class: ClassName=Designator Member=R92
Removed Member From Class: ClassName=Designator Member=R93
Removed Member From Class: ClassName=Designator Member=R94
Removed Member From Class: ClassName=Designator Member=R95
Removed Member From Class: ClassName=Designator Member=R96
Removed Member From Class: ClassName=Designator Member=R97
Removed Member From Class: ClassName=Designator Member=R98
Removed Member From Class: ClassName=Designator Member=R99
Removed Member From Class: ClassName=Designator Member=R100
Removed Member From Class: ClassName=Designator Member=R101
Removed Member From Class: ClassName=Designator Member=R102
Removed Member From Class: ClassName=Designator Member=R103
Removed Member From Class: ClassName=Designator Member=R104
Removed Member From Class: ClassName=Designator Member=R105
Removed Member From Class: ClassName=Designator Member=R106
Removed Member From Class: ClassName=Designator Member=R107
Removed Member From Class: ClassName=Designator Member=R108
Removed Member From Class: ClassName=Designator Member=R109
Removed Member From Class: ClassName=Designator Member=R110
Removed Member From Class: ClassName=Designator Member=R111
Removed Member From Class: ClassName=Designator Member=R112
Removed Member From Class: ClassName=Designator Member=RJ1
Removed Member From Class: ClassName=Designator Member=RL1
Removed Member From Class: ClassName=Designator Member=RL2
Removed Member From Class: ClassName=Designator Member=RL3
Removed Member From Class: ClassName=Designator Member=RL4
Removed Member From Class: ClassName=Designator Member=RL5
Removed Member From Class: ClassName=Designator Member=SW1
Removed Member From Class: ClassName=Designator Member=SW2
Removed Member From Class: ClassName=Designator Member=TF1
Removed Member From Class: ClassName=Designator Member=U2
Removed Member From Class: ClassName=Designator Member=USB1
Removed Member From Class: ClassName=Designator Member=USB2
Removed Member From Class: ClassName=Designator Member=USB3
Change Net Name : Old Net Name=18VA New Net Name=AGND
Added Pin To Net: NetName=18VA Pin=C2-1
Added Pin To Net: NetName=18VA Pin=C3-2
Added Pin To Net: NetName=18VA Pin=C13-2
Added Pin To Net: NetName=18VA Pin=D2-1
Added Pin To Net: NetName=18VA Pin=D4-2
Added Pin To Net: NetName=18VA Pin=IC2-15
Added Pin To Net: NetName=18VA Pin=Q1-2
Added Pin To Net: NetName=18VA Pin=Q2-1
Added Pin To Net: NetName=18VA Pin=R8-1
Added Pin To Net: NetName=18VA Pin=R9-2
Added Pin To Net: NetName=18VA Pin=R10-2
Added Pin To Net: NetName=18VA Pin=R13-2
Added Net: Name=18VA
Add Class: Class already exists: Designator
Add Class: Class already exists: Designator
Add Class: Class already exists: Designator
Add Class: Class already exists: Designator
Add Class: Class already exists: Designator
Add Class: Class already exists: Designator
Add Class: Class already exists: Designator
Add Class: Class already exists: Designator
Add Class: Class already exists: Designator
Added Rule: Name=Schematic Supply Nets_16
