Removed Pin From Net: NetName=AC(L) Pin=CONN6-1
Removed Pin From Net: NetName=AC(L) Pin=CONN7-1
Removed Pin From Net: NetName=5V Pin=D20-1
Removed Pin From Net: NetName=5V Pin=D21-1
Removed Pin From Net: NetName=C6_IO2 Pin=H1-15
Removed Pin From Net: NetName=C6_CHIP_PU Pin=H1-26
Removed Pin From Net: NetName=GND Pin=IC14-2
Removed Pin From Net: NetName=5V Pin=IC14-4
Removed Pin From Net: NetName=GND Pin=IC15-2
Removed Pin From Net: NetName=5V Pin=IC15-4
Removed Pin From Net: NetName=PGND Pin=Q18-1
Removed Pin From Net: NetName=PGND Pin=Q19-1
Removed Pin From Net: NetName=5V Pin=R107-2
Removed Pin From Net: NetName=GPIO4 Pin=R110-1
Removed Pin From Net: NetName=5V Pin=R112-2
Removed Pin From Net: NetName=GPIO5 Pin=R113-1
Removed Pin From Net: NetName=AC(N) Pin=RL4-1
Removed Pin From Net: NetName=5V Pin=RL4-5
Removed Pin From Net: NetName=AC(N) Pin=RL5-1
Removed Pin From Net: NetName=5V Pin=RL5-5
Added Pin To Net: NetName=GPIO5 Pin=H1-15
Added Pin To Net: NetName=C6_IO2 Pin=H1-26
Add Class: Class already exists: Designator
Add Class: Class already exists: Designator
Add Class: Class already exists: Designator
Add Class: Class already exists: Designator
Add Class: Class already exists: Designator
Add Class: Class already exists: Designator
Add Class: Class already exists: Designator
Add Class: Class already exists: Designator
Add Class: Class already exists: Designator
