Remove Pin=U2-2 From Net=LAN
Remove Pin=U2-11 From Net=ES_I2C_SDA
Remove Pin=U2-12 From Net=ES_I2C_SCL
Remove Pin=U2-13 From Net=GPIO9
Remove Pin=U2-14 From Net=GPIO10
Remove Pin=U2-16 From Net=C6_U0RXD
Remove Pin=U2-17 From Net=C6_U0TXD
Remove Pin=U2-18 From Net=C6_IO9
Remove Pin=U2-19 From Net=GPIO12
Remove Pin=U2-20 From Net=GPIO13
Remove Pin=U2-21 From Net=GPIO20
Remove Pin=U2-47 From Net=GPIO28
Remove Pin=U2-48 From Net=GPIO29
Remove Pin=U2-49 From Net=GPIO30
Remove Pin=U2-50 From Net=GPIO31
Remove Pin=U2-51 From Net=GPIO32
Remove Pin=U2-52 From Net=GPIO33
Remove Pin=U2-53 From Net=GPIO34
Remove Pin=U2-55 From Net=GPIO36
Remove Pin=U2-66 From Net=GPIO46
Remove Pin=U2-67 From Net=GPIO47
Remove Pin=U2-68 From Net=GPIO48
Remove Pin=U2-69 From Net=GPIO49
Remove Pin=U2-70 From Net=GPIO50
Remove Pin=U2-71 From Net=GPIO51
Remove Pin=U2-72 From Net=GPIO52
Remove Pin=U2-73 From Net=GPIO53
Remove Pin=U2-76 From Net=GPIO0
