Change Component Designator: Old Designator=CONN1 New Designator=CONN?
Change Component Designator: Old Designator=CONN2 New Designator=CONN?
Change Component Designator: Old Designator=CONN3 New Designator=CONN?
Change Component Designator: Old Designator=CONN4 New Designator=CONN?
Change Component Designator: Old Designator=CONN5 New Designator=CONN?
Change Component Designator: Old Designator=CONN6 New Designator=CONN?
Change Component Designator: Old Designator=D17 New Designator=D?
Change Component Designator: Old Designator=D18 New Designator=D?
Change Component Designator: Old Designator=D19 New Designator=D?
Change Component Designator: Old Designator=D20 New Designator=D?
Change Component Designator: Old Designator=D21 New Designator=D?
Change Component Designator: Old Designator=IC11 New Designator=IC?
Change Component Designator: Old Designator=IC12 New Designator=IC?
Change Component Designator: Old Designator=IC13 New Designator=IC?
Change Component Designator: Old Designator=IC14 New Designator=IC?
Change Component Designator: Old Designator=IC15 New Designator=IC?
Change Component Designator: Old Designator=LED5 New Designator=LED?
Change Component Designator: Old Designator=LED6 New Designator=LED?
Change Component Designator: Old Designator=LED7 New Designator=LED?
Change Component Designator: Old Designator=LED8 New Designator=LED?
Change Component Designator: Old Designator=LED9 New Designator=LED?
Change Component Designator: Old Designator=Q15 New Designator=Q?
Change Component Designator: Old Designator=Q16 New Designator=Q?
Change Component Designator: Old Designator=Q17 New Designator=Q?
Change Component Designator: Old Designator=Q18 New Designator=Q?
Change Component Designator: Old Designator=Q19 New Designator=Q?
Change Component Designator: Old Designator=R96 New Designator=R?
Change Component Designator: Old Designator=R97 New Designator=R?
Change Component Designator: Old Designator=R98 New Designator=R?
Change Component Designator: Old Designator=R99 New Designator=R?
Change Component Designator: Old Designator=R100 New Designator=R?
Change Component Designator: Old Designator=R101 New Designator=R?
Change Component Designator: Old Designator=R102 New Designator=R?
Change Component Designator: Old Designator=R103 New Designator=R?
Change Component Designator: Old Designator=R104 New Designator=R?
Change Component Designator: Old Designator=R105 New Designator=R?
Change Component Designator: Old Designator=R108 New Designator=R?
Change Component Designator: Old Designator=R109 New Designator=R?
Change Component Designator: Old Designator=R110 New Designator=R?
Change Component Designator: Old Designator=R111 New Designator=R?
Change Component Designator: Old Designator=R112 New Designator=R?
Change Component Designator: Old Designator=RL1 New Designator=RL?
Change Component Designator: Old Designator=RL2 New Designator=RL?
Change Component Designator: Old Designator=RL3 New Designator=RL?
Change Component Designator: Old Designator=RL4 New Designator=RL?
Change Component Designator: Old Designator=RL5 New Designator=RL?
